nohup: ignoring input
The tokenizer class you load from this checkpoint is not the same type as the class this function is called from. It may result in unexpected tokenization. 
The tokenizer class you load from this checkpoint is 'PreTrainedTokenizerFast'. 
The class this function is called from is 'DreamTokenizer'.
Traceback (most recent call last):
  File "/home/exx/miniconda3/lib/python3.13/site-packages/transformers/tokenization_utils_base.py", line 2292, in _from_pretrained
    tokenizer = cls(*init_inputs, **init_kwargs)
  File "/home/exx/Workspace/yukai_llada_base/dream/modeling_dream/tokenization_dream.py", line 173, in __init__
    with open(vocab_file, encoding="utf-8") as vocab_handle:
         ~~~~^^^^^^^^^^^^^^^^^^^^^^^^^^^^^^
TypeError: expected str, bytes or os.PathLike object, not NoneType

During handling of the above exception, another exception occurred:

Traceback (most recent call last):
  File "/home/exx/Workspace/yukai_llada_base/dream/run_ppl_dream.py", line 310, in <module>
    tokenizer = DreamTokenizer.from_pretrained(
        id_model_g,
        trust_remote_code=True
    )
  File "/home/exx/miniconda3/lib/python3.13/site-packages/transformers/tokenization_utils_base.py", line 2052, in from_pretrained
    return cls._from_pretrained(
           ~~~~~~~~~~~~~~~~~~~~^
        resolved_vocab_files,
        ^^^^^^^^^^^^^^^^^^^^^
    ...<9 lines>...
        **kwargs,
        ^^^^^^^^^
    )
    ^
  File "/home/exx/miniconda3/lib/python3.13/site-packages/transformers/tokenization_utils_base.py", line 2293, in _from_pretrained
    except import_protobuf_decode_error():
           ~~~~~~~~~~~~~~~~~~~~~~~~~~~~^^
  File "/home/exx/miniconda3/lib/python3.13/site-packages/transformers/tokenization_utils_base.py", line 87, in import_protobuf_decode_error
    raise ImportError(PROTOBUF_IMPORT_ERROR.format(error_message))
ImportError: 
 requires the protobuf library but it was not found in your environment. Checkout the instructions on the
installation page of its repo: https://github.com/protocolbuffers/protobuf/tree/master/python#installation and follow the ones
that match your environment. Please note that you may need to restart your runtime after installation.

